components/ui/badge.tsx(38,6): error TS2322: Type '{ ref?: Ref<HTMLSpanElement> | undefined; key?: Key | null | undefined; defaultChecked?: boolean | undefined; defaultValue?: string | number | readonly string[] | undefined; ... 276 more ...; className: string; }' is not assignable to type 'RefAttributes<HTMLElement>'.
  Types of property 'ref' are incompatible.
    Type 'Ref<HTMLSpanElement> | undefined' is not assignable to type 'Ref<HTMLElement> | undefined'.
      Type '(instance: HTMLSpanElement | null) => void | (() => VoidOrUndefinedOnly)' is not assignable to type 'Ref<HTMLElement> | undefined'.
        Type '(instance: HTMLSpanElement | null) => void | (() => VoidOrUndefinedOnly)' is not assignable to type '(instance: HTMLElement | null) => void | (() => VoidOrUndefinedOnly)'.
          Type 'void | (() => VoidOrUndefinedOnly)' is not assignable to type 'void | (() => VoidOrUndefinedOnly)'. Two different types with this name exist, but they are unrelated.
            Type '() => VoidOrUndefinedOnly' is not assignable to type 'void | (() => VoidOrUndefinedOnly)'.
              Type '() => VoidOrUndefinedOnly' is not assignable to type '() => VoidOrUndefinedOnly'. Two different types with this name exist, but they are unrelated.
                Type 'VoidOrUndefinedOnly' is not assignable to type 'VoidOrUndefinedOnly'. Two different types with this name exist, but they are unrelated.
                  Type '{ [UNDEFINED_VOID_ONLY]: never; }' is not assignable to type 'VoidOrUndefinedOnly'.
components/ui/button.tsx(52,6): error TS2322: Type '{ ref?: Ref<HTMLButtonElement> | undefined; key?: Key | null | undefined; disabled?: boolean | undefined; form?: string | undefined; formAction?: string | ((formData: FormData) => void | Promise<...>) | undefined; ... 285 more ...; className: string; }' is not assignable to type 'RefAttributes<HTMLElement>'.
  Types of property 'ref' are incompatible.
    Type 'Ref<HTMLButtonElement> | undefined' is not assignable to type 'Ref<HTMLElement> | undefined'.
      Type '(instance: HTMLButtonElement | null) => void | (() => VoidOrUndefinedOnly)' is not assignable to type 'Ref<HTMLElement> | undefined'.
        Type '(instance: HTMLButtonElement | null) => void | (() => VoidOrUndefinedOnly)' is not assignable to type '(instance: HTMLElement | null) => void | (() => VoidOrUndefinedOnly)'.
          Type 'void | (() => VoidOrUndefinedOnly)' is not assignable to type 'void | (() => VoidOrUndefinedOnly)'. Two different types with this name exist, but they are unrelated.
            Type '() => VoidOrUndefinedOnly' is not assignable to type 'void | (() => VoidOrUndefinedOnly)'.
              Type '() => VoidOrUndefinedOnly' is not assignable to type '() => VoidOrUndefinedOnly'. Two different types with this name exist, but they are unrelated.
                Type 'VoidOrUndefinedOnly' is not assignable to type 'VoidOrUndefinedOnly'. Two different types with this name exist, but they are unrelated.
                  Type '{ [UNDEFINED_VOID_ONLY]: never; }' is not assignable to type 'VoidOrUndefinedOnly'.
components/ui/sidebar.tsx(404,6): error TS2322: Type '{ ref?: Ref<HTMLDivElement> | undefined; key?: Key | null | undefined; defaultChecked?: boolean | undefined; defaultValue?: string | number | readonly string[] | undefined; ... 277 more ...; className: string; }' is not assignable to type 'RefAttributes<HTMLElement>'.
  Types of property 'ref' are incompatible.
    Type 'Ref<HTMLDivElement> | undefined' is not assignable to type 'Ref<HTMLElement> | undefined'.
      Type '(instance: HTMLDivElement | null) => void | (() => VoidOrUndefinedOnly)' is not assignable to type 'Ref<HTMLElement> | undefined'.
        Type '(instance: HTMLDivElement | null) => void | (() => VoidOrUndefinedOnly)' is not assignable to type '(instance: HTMLElement | null) => void | (() => VoidOrUndefinedOnly)'.
          Type 'void | (() => VoidOrUndefinedOnly)' is not assignable to type 'void | (() => VoidOrUndefinedOnly)'. Two different types with this name exist, but they are unrelated.
            Type '() => VoidOrUndefinedOnly' is not assignable to type 'void | (() => VoidOrUndefinedOnly)'.
              Type '() => VoidOrUndefinedOnly' is not assignable to type '() => VoidOrUndefinedOnly'. Two different types with this name exist, but they are unrelated.
                Type 'VoidOrUndefinedOnly' is not assignable to type 'VoidOrUndefinedOnly'. Two different types with this name exist, but they are unrelated.
                  Type '{ [UNDEFINED_VOID_ONLY]: never; }' is not assignable to type 'VoidOrUndefinedOnly'.
components/ui/sidebar.tsx(425,6): error TS2322: Type '{ ref?: Ref<HTMLButtonElement> | undefined; key?: Key | null | undefined; disabled?: boolean | undefined; form?: string | undefined; formAction?: string | ((formData: FormData) => void | Promise<...>) | undefined; ... 286 more ...; className: string; }' is not assignable to type 'RefAttributes<HTMLElement>'.
  Types of property 'ref' are incompatible.
    Type 'Ref<HTMLButtonElement> | undefined' is not assignable to type 'Ref<HTMLElement> | undefined'.
      Type '(instance: HTMLButtonElement | null) => void | (() => VoidOrUndefinedOnly)' is not assignable to type 'Ref<HTMLElement> | undefined'.
        Type '(instance: HTMLButtonElement | null) => void | (() => VoidOrUndefinedOnly)' is not assignable to type '(instance: HTMLElement | null) => void | (() => VoidOrUndefinedOnly)'.
          Type 'void | (() => VoidOrUndefinedOnly)' is not assignable to type 'void | (() => VoidOrUndefinedOnly)'. Two different types with this name exist, but they are unrelated.
            Type '() => VoidOrUndefinedOnly' is not assignable to type 'void | (() => VoidOrUndefinedOnly)'.
              Type '() => VoidOrUndefinedOnly' is not assignable to type '() => VoidOrUndefinedOnly'. Two different types with this name exist, but they are unrelated.
                Type 'VoidOrUndefinedOnly' is not assignable to type 'VoidOrUndefinedOnly'. Two different types with this name exist, but they are unrelated.
                  Type '{ [UNDEFINED_VOID_ONLY]: never; }' is not assignable to type 'VoidOrUndefinedOnly'.
components/ui/sidebar.tsx(515,6): error TS2322: Type '{ ref?: Ref<HTMLButtonElement> | undefined; key?: Key | null | undefined; disabled?: boolean | undefined; form?: string | undefined; formAction?: string | ((formData: FormData) => void | Promise<...>) | undefined; ... 288 more ...; className: string; }' is not assignable to type 'RefAttributes<HTMLElement>'.
  Types of property 'ref' are incompatible.
    Type 'Ref<HTMLButtonElement> | undefined' is not assignable to type 'Ref<HTMLElement> | undefined'.
      Type '(instance: HTMLButtonElement | null) => void | (() => VoidOrUndefinedOnly)' is not assignable to type 'Ref<HTMLElement> | undefined'.
        Type '(instance: HTMLButtonElement | null) => void | (() => VoidOrUndefinedOnly)' is not assignable to type '(instance: HTMLElement | null) => void | (() => VoidOrUndefinedOnly)'.
          Type 'void | (() => VoidOrUndefinedOnly)' is not assignable to type 'void | (() => VoidOrUndefinedOnly)'. Two different types with this name exist, but they are unrelated.
            Type '() => VoidOrUndefinedOnly' is not assignable to type 'void | (() => VoidOrUndefinedOnly)'.
              Type '() => VoidOrUndefinedOnly' is not assignable to type '() => VoidOrUndefinedOnly'. Two different types with this name exist, but they are unrelated.
                Type 'VoidOrUndefinedOnly' is not assignable to type 'VoidOrUndefinedOnly'. Two different types with this name exist, but they are unrelated.
                  Type '{ [UNDEFINED_VOID_ONLY]: never; }' is not assignable to type 'VoidOrUndefinedOnly'.
components/ui/sidebar.tsx(560,6): error TS2322: Type '{ ref?: Ref<HTMLButtonElement> | undefined; key?: Key | null | undefined; disabled?: boolean | undefined; form?: string | undefined; formAction?: string | ((formData: FormData) => void | Promise<...>) | undefined; ... 286 more ...; className: string; }' is not assignable to type 'RefAttributes<HTMLElement>'.
  Types of property 'ref' are incompatible.
    Type 'Ref<HTMLButtonElement> | undefined' is not assignable to type 'Ref<HTMLElement> | undefined'.
      Type '(instance: HTMLButtonElement | null) => void | (() => VoidOrUndefinedOnly)' is not assignable to type 'Ref<HTMLElement> | undefined'.
        Type '(instance: HTMLButtonElement | null) => void | (() => VoidOrUndefinedOnly)' is not assignable to type '(instance: HTMLElement | null) => void | (() => VoidOrUndefinedOnly)'.
          Type 'void | (() => VoidOrUndefinedOnly)' is not assignable to type 'void | (() => VoidOrUndefinedOnly)'. Two different types with this name exist, but they are unrelated.
            Type '() => VoidOrUndefinedOnly' is not assignable to type 'void | (() => VoidOrUndefinedOnly)'.
              Type '() => VoidOrUndefinedOnly' is not assignable to type '() => VoidOrUndefinedOnly'. Two different types with this name exist, but they are unrelated.
                Type 'VoidOrUndefinedOnly' is not assignable to type 'VoidOrUndefinedOnly'. Two different types with this name exist, but they are unrelated.
                  Type '{ [UNDEFINED_VOID_ONLY]: never; }' is not assignable to type 'VoidOrUndefinedOnly'.
components/ui/sidebar.tsx(683,6): error TS2322: Type '{ ref?: Ref<HTMLAnchorElement> | undefined; key?: Key | null | undefined; download?: any; href?: string | undefined; hrefLang?: string | undefined; media?: string | undefined; ... 285 more ...; className: string; }' is not assignable to type 'RefAttributes<HTMLElement>'.
  Types of property 'ref' are incompatible.
    Type 'Ref<HTMLAnchorElement> | undefined' is not assignable to type 'Ref<HTMLElement> | undefined'.
      Type '(instance: HTMLAnchorElement | null) => void | (() => VoidOrUndefinedOnly)' is not assignable to type 'Ref<HTMLElement> | undefined'.
        Type '(instance: HTMLAnchorElement | null) => void | (() => VoidOrUndefinedOnly)' is not assignable to type '(instance: HTMLElement | null) => void | (() => VoidOrUndefinedOnly)'.
          Type 'void | (() => VoidOrUndefinedOnly)' is not assignable to type 'void | (() => VoidOrUndefinedOnly)'. Two different types with this name exist, but they are unrelated.
            Type '() => VoidOrUndefinedOnly' is not assignable to type 'void | (() => VoidOrUndefinedOnly)'.
              Type '() => VoidOrUndefinedOnly' is not assignable to type '() => VoidOrUndefinedOnly'. Two different types with this name exist, but they are unrelated.
                Type 'VoidOrUndefinedOnly' is not assignable to type 'VoidOrUndefinedOnly'. Two different types with this name exist, but they are unrelated.
                  Type '{ [UNDEFINED_VOID_ONLY]: never; }' is not assignable to type 'VoidOrUndefinedOnly'.
components/ui/skeleton.tsx(5,6): error TS2322: Type '{ ref?: Ref<HTMLDivElement> | undefined; key?: Key | null | undefined; defaultChecked?: boolean | undefined; defaultValue?: string | number | readonly string[] | undefined; ... 277 more ...; className: string; }' is not assignable to type 'DetailedHTMLProps<HTMLAttributes<HTMLDivElement>, HTMLDivElement>'.
  Type '{ ref?: Ref<HTMLDivElement> | undefined; key?: Key | null | undefined; defaultChecked?: boolean | undefined; defaultValue?: string | number | readonly string[] | undefined; ... 277 more ...; className: string; }' is not assignable to type 'ClassAttributes<HTMLDivElement>'.
    Types of property 'ref' are incompatible.
      Type 'React.Ref<HTMLDivElement> | undefined' is not assignable to type 'import("E:/Freelance/Mutualist/Codes/mutualist/apps/admin/node_modules/@types/react/index").Ref<HTMLDivElement> | undefined'.
        Type '(instance: HTMLDivElement | null) => void | (() => VoidOrUndefinedOnly)' is not assignable to type 'Ref<HTMLDivElement> | undefined'.
          Type '(instance: HTMLDivElement | null) => void | (() => VoidOrUndefinedOnly)' is not assignable to type '(instance: HTMLDivElement | null) => void | (() => VoidOrUndefinedOnly)'. Two different types with this name exist, but they are unrelated.
            Type 'void | (() => VoidOrUndefinedOnly)' is not assignable to type 'void | (() => VoidOrUndefinedOnly)'. Two different types with this name exist, but they are unrelated.
              Type '() => VoidOrUndefinedOnly' is not assignable to type 'void | (() => VoidOrUndefinedOnly)'.
                Type '() => VoidOrUndefinedOnly' is not assignable to type '() => VoidOrUndefinedOnly'. Two different types with this name exist, but they are unrelated.
                  Type 'VoidOrUndefinedOnly' is not assignable to type 'VoidOrUndefinedOnly'. Two different types with this name exist, but they are unrelated.
                    Type '{ [UNDEFINED_VOID_ONLY]: never; }' is not assignable to type 'VoidOrUndefinedOnly'.
